============================= test session starts ==============================
platform darwin -- Python 3.14.4, pytest-9.0.3, pluggy-1.6.0 -- /opt/homebrew/opt/python@3.14/bin/python3.14
cachedir: .pytest_cache
rootdir: /Users/younghwa.jin/Documents/backend_loader
plugins: anyio-4.13.0
collecting ... collected 0 items / 9 errors

==================================== ERRORS ====================================
_____________ ERROR collecting tests/lambda/test_api_contracts.py ______________
ImportError while importing test module '/Users/younghwa.jin/Documents/backend_loader/tests/lambda/test_api_contracts.py'.
Hint: make sure your test modules/packages have valid Python names.
Traceback:
/opt/homebrew/Cellar/python@3.14/3.14.4/Frameworks/Python.framework/Versions/3.14/lib/python3.14/importlib/__init__.py:88: in import_module
    return _bootstrap._gcd_import(name[level:], package, level)
           ^^^^^^^^^^^^^^^^^^^^^^^^^^^^^^^^^^^^^^^^^^^^^^^^^^^^
tests/lambda/test_api_contracts.py:14: in <module>
    from guardian.models import EventsResponse, StatusResponse
lambda/guardian/models.py:10: in <module>
    from pydantic import BaseModel, Field
E   ImportError: cannot import name 'BaseModel' from 'pydantic' (unknown location)
__________ ERROR collecting tests/lambda/test_cost_checker_harness.py __________
ImportError while importing test module '/Users/younghwa.jin/Documents/backend_loader/tests/lambda/test_cost_checker_harness.py'.
Hint: make sure your test modules/packages have valid Python names.
Traceback:
/opt/homebrew/Cellar/python@3.14/3.14.4/Frameworks/Python.framework/Versions/3.14/lib/python3.14/importlib/__init__.py:88: in import_module
    return _bootstrap._gcd_import(name[level:], package, level)
           ^^^^^^^^^^^^^^^^^^^^^^^^^^^^^^^^^^^^^^^^^^^^^^^^^^^^
tests/lambda/test_cost_checker_harness.py:4: in <module>
    from harness import CostCheckerHarness
E   ModuleNotFoundError: No module named 'harness'
____________ ERROR collecting tests/lambda/test_e2e_integration.py _____________
ImportError while importing test module '/Users/younghwa.jin/Documents/backend_loader/tests/lambda/test_e2e_integration.py'.
Hint: make sure your test modules/packages have valid Python names.
Traceback:
/opt/homebrew/Cellar/python@3.14/3.14.4/Frameworks/Python.framework/Versions/3.14/lib/python3.14/importlib/__init__.py:88: in import_module
    return _bootstrap._gcd_import(name[level:], package, level)
           ^^^^^^^^^^^^^^^^^^^^^^^^^^^^^^^^^^^^^^^^^^^^^^^^^^^^
tests/lambda/test_e2e_integration.py:9: in <module>
    from guardian.models import EventBridgeScheduledEvent
lambda/guardian/models.py:10: in <module>
    from pydantic import BaseModel, Field
E   ImportError: cannot import name 'BaseModel' from 'pydantic' (unknown location)
__________ ERROR collecting tests/lambda/test_ec2_checker_harness.py ___________
ImportError while importing test module '/Users/younghwa.jin/Documents/backend_loader/tests/lambda/test_ec2_checker_harness.py'.
Hint: make sure your test modules/packages have valid Python names.
Traceback:
/opt/homebrew/Cellar/python@3.14/3.14.4/Frameworks/Python.framework/Versions/3.14/lib/python3.14/importlib/__init__.py:88: in import_module
    return _bootstrap._gcd_import(name[level:], package, level)
           ^^^^^^^^^^^^^^^^^^^^^^^^^^^^^^^^^^^^^^^^^^^^^^^^^^^^
tests/lambda/test_ec2_checker_harness.py:4: in <module>
    from harness import EC2CheckerHarness
E   ModuleNotFoundError: No module named 'harness'
____________ ERROR collecting tests/lambda/test_handler_harness.py _____________
ImportError while importing test module '/Users/younghwa.jin/Documents/backend_loader/tests/lambda/test_handler_harness.py'.
Hint: make sure your test modules/packages have valid Python names.
Traceback:
/opt/homebrew/Cellar/python@3.14/3.14.4/Frameworks/Python.framework/Versions/3.14/lib/python3.14/importlib/__init__.py:88: in import_module
    return _bootstrap._gcd_import(name[level:], package, level)
           ^^^^^^^^^^^^^^^^^^^^^^^^^^^^^^^^^^^^^^^^^^^^^^^^^^^^
tests/lambda/test_handler_harness.py:4: in <module>
    from harness import LambdaHarness
E   ModuleNotFoundError: No module named 'harness'
__________ ERROR collecting tests/lambda/test_orchestrator_harness.py __________
ImportError while importing test module '/Users/younghwa.jin/Documents/backend_loader/tests/lambda/test_orchestrator_harness.py'.
Hint: make sure your test modules/packages have valid Python names.
Traceback:
/opt/homebrew/Cellar/python@3.14/3.14.4/Frameworks/Python.framework/Versions/3.14/lib/python3.14/importlib/__init__.py:88: in import_module
    return _bootstrap._gcd_import(name[level:], package, level)
           ^^^^^^^^^^^^^^^^^^^^^^^^^^^^^^^^^^^^^^^^^^^^^^^^^^^^
tests/lambda/test_orchestrator_harness.py:4: in <module>
    from harness import LambdaHarness
E   ModuleNotFoundError: No module named 'harness'
___________ ERROR collecting tests/lambda/test_payload_contracts.py ____________
ImportError while importing test module '/Users/younghwa.jin/Documents/backend_loader/tests/lambda/test_payload_contracts.py'.
Hint: make sure your test modules/packages have valid Python names.
Traceback:
/opt/homebrew/Cellar/python@3.14/3.14.4/Frameworks/Python.framework/Versions/3.14/lib/python3.14/importlib/__init__.py:88: in import_module
    return _bootstrap._gcd_import(name[level:], package, level)
           ^^^^^^^^^^^^^^^^^^^^^^^^^^^^^^^^^^^^^^^^^^^^^^^^^^^^
tests/lambda/test_payload_contracts.py:16: in <module>
    from guardian.models import (
lambda/guardian/models.py:10: in <module>
    from pydantic import BaseModel, Field
E   ImportError: cannot import name 'BaseModel' from 'pydantic' (unknown location)
______________ ERROR collecting tests/lambda/test_performance.py _______________
ImportError while importing test module '/Users/younghwa.jin/Documents/backend_loader/tests/lambda/test_performance.py'.
Hint: make sure your test modules/packages have valid Python names.
Traceback:
/opt/homebrew/Cellar/python@3.14/3.14.4/Frameworks/Python.framework/Versions/3.14/lib/python3.14/importlib/__init__.py:88: in import_module
    return _bootstrap._gcd_import(name[level:], package, level)
           ^^^^^^^^^^^^^^^^^^^^^^^^^^^^^^^^^^^^^^^^^^^^^^^^^^^^
tests/lambda/test_performance.py:8: in <module>
    from harness import (
E   ModuleNotFoundError: No module named 'harness'
___________ ERROR collecting tests/lambda/test_s3_checker_harness.py ___________
ImportError while importing test module '/Users/younghwa.jin/Documents/backend_loader/tests/lambda/test_s3_checker_harness.py'.
Hint: make sure your test modules/packages have valid Python names.
Traceback:
/opt/homebrew/Cellar/python@3.14/3.14.4/Frameworks/Python.framework/Versions/3.14/lib/python3.14/importlib/__init__.py:88: in import_module
    return _bootstrap._gcd_import(name[level:], package, level)
           ^^^^^^^^^^^^^^^^^^^^^^^^^^^^^^^^^^^^^^^^^^^^^^^^^^^^
tests/lambda/test_s3_checker_harness.py:4: in <module>
    from harness import S3CheckerHarness
E   ModuleNotFoundError: No module named 'harness'
=========================== short test summary info ============================
ERROR tests/lambda/test_api_contracts.py
ERROR tests/lambda/test_cost_checker_harness.py
ERROR tests/lambda/test_e2e_integration.py
ERROR tests/lambda/test_ec2_checker_harness.py
ERROR tests/lambda/test_handler_harness.py
ERROR tests/lambda/test_orchestrator_harness.py
ERROR tests/lambda/test_payload_contracts.py
ERROR tests/lambda/test_performance.py
ERROR tests/lambda/test_s3_checker_harness.py
!!!!!!!!!!!!!!!!!!! Interrupted: 9 errors during collection !!!!!!!!!!!!!!!!!!!!
============================== 9 errors in 0.11s ===============================
